    1  ls
    2  passwd
    3  wget    https://s3.amazonaws.com/amazon-reviews-pds/tsv/amazon_reviews_us_Books_v1_02.tsv.gz
    4  ls
    5  mkdir worksheet1
    6  cd worksheet1
    7  ls
    8  pwd
    9  git init
   10  git branch
   11  git vi mytestfile
   12  vi mytestfile
   13  mv mytestfile mytestfile.txt
   14  ls
   15  git status
   16  git add mytestfile.txt
   17  git status
   18  git commit -m "my first commit"
   19  git status
   20  ping 172.31.197164
   21  ping 172.31.197.164
   22  ls
   23  cd worksheet1
   24  ls
   25  get status
   26  git status
   27  git commit -m "first commit"
   28  git config --global user.email "obeda.velonjatovo@sjsu.edu"
   29  git config --global user.name "Obeda Velonjatovo"
   30  git config -user.email
   31  git config --get user.email
   32  git config --get user.name
   33  git commit -m "first commit"
   34  git remote add origin https://github.com/dah00/worksheet1.git
   35  git status
   36  git push -u origin master
   37  git status
   38  git push -u origin master
   39  ls
   40  history > cmds.log
   41  ls
   42  vi cmds.log
   43  git status
   44  git add cmd.log
   45  git add cmds.log
   46  git status
   47  git push -u origin master
   48  git status
   49  git commit -m "commiting the history file cmds.log"
   50  git push -u 
   51  git status
   52  git branch
   53  ls
   54  cat worksheet1
   55  cd worksheet1
   56  ls
   57  mytestfile.txt
   58  car mytestfile.txt
   59  cat mytestfile.txt
   60  cat cmds.log
   61  more cmds.log 
   62  less cmds.log 
   63  ls
   64  vi mytestfile.txt
   65  cat mytestfile.txt
   66  more mytestfile.txt
   67  less mytestfile.txt 
   68  head mytestfile.txt 
   69  tail mytestfile.txt
   70  tail -20 mytestfile.txt 
   71  tail -7 mytestfile.txt 
   72  head -13 mytestfile.txt 
   73  which nano
   74  cd ..
   75  ls
   76  ls -latr
   77  ls
   78  ls -lat
   79  ls 
   80  cd worksheet1
   81  view worksheet1
   82  ls
   83  view worksheet1.txt
   84  view mytestfile.txt
   85  vim mytestfile.txt 
   86  vi mytestfile.txt 
   87  ls ?.txt
   88  ls *.txt
   89  ls
   90  cd ..
   91  ls
   92  cd worksheet1
   93  find ./ -type f -name "?????????.txt"
   94  find ./ -type f -name "*.txt"
   95  cd ..
   96  ls
   97  tar -cvf worksheet1.tar worksheet1
   98  ls
   99  ls -latr
  100  ls -lat
  101  rm worksheet1
  102  rm -rf worksheet1
  103  ls
  104  rm -rf worksheet1.tar
  105  ls
  106  mkdir worksheet1
  107  vi mytestfile1.txt
  108  cat mytestfile1.txt 
  109  ls
  110  mkdir tempdir
  111  cd tempdir
  112  ls
  113  touch file1.txt
  114  ls
  115  touch file2.txt
  116  touch file3.txt
  117  ls
  118  ls -lat
  119  tar cvf tarredTempDir.tar *.txt
  120  las
  121  ls -lat
  122  tar tvf tarredTempDir.tar
  123  ls -lat
  124  tar xvf tarredTempDir.tar 
  125  ls -lat
  126  tar -xvf tarredTempDir.tar 
  127  ls -lat
  128  tar -zxvf tarredTempDir.tar 
  129  gzip tarredTempDir.tar 
  130  ls -lat
  131  tar -zxvf tarredTempDir.tar.gz 
  132  ls -lat
  133  rm tarredTempDir.tar.gz 
  134  ls -lat
  135  cd ..
  136  ls
  137  rm tempdir/
  138  rm tempdir
  139  ls
  140  rm /tempdir
  141  rm -d tempdir
  142  rm -rf tempdir
  143  ls
  144  grep --v
  145   
  146  man grep
  147  man egrep
  148  ls
  149  cat mytestfile1.txt
  150  wc mytestfile1.txt 
  151  vi mytestfile1.txt 
  152  cat mytestfile1.txt 
  153  wc mytestfile1.txt 
  154  echo `echo`
  155  echo `pwd`
  156  echo 'pwd'
  157  echo "$pwd"
  158  echo "$PWD"
  159  a=1234
  160  b = $a+1
  161  b=$a+1
  162  echo "$b"
  163  b=$($a+1)
  164  c=$($a+1)
  165  c=$(($a+1))
  166  echo "$c"
  167  echo $PWD
  168  path
  169  echo $PATH
  170  echo "pwd"
  171  echo `PWD`
  172  echo `pwd`
  173  echo "$PWD"
  174  a='abac'
  175  b=${a}def
  176  echo "$b"
  177  env
  178  echo $?
  179  ls
  180  cat cmds.log
  181  exit
  182  ls
  183  tar -zxvf amazon_reviews_us_Books_v1_02.tsv.gz
  184  exit
  185  Gunzip amazon_reviews_us_Books_v1_02.tsv.gz 
  186  ls
  187  mkdir worksheet2
  188  exit
  189  ls
  190  unzip amazon_reviews_us_Books_v1_02.tsv.gz -d worksheet2
  191  cd worksheet2
  192  ls
  193  cd ..
  194  cat amazon_reviews_us_Books_v1_02.tsv.gz 
  195  ls
  196  wget    https://s3.amazonaws.com/amazon-reviews-pds/tsv/amazon_reviews_us_Books_v1_02.tsv.gz
  197  ls
  198  rm amazon_reviews_us_Books_v1_02.tsv.gz.1
  199  ls
  200  wget    https://s3.amazonaws.com/amazon-reviews-pds/tsv/amazon_reviews_us_Books_v1_02.tsv.gz
  201  ls
  202  ls -altr
  203  rm amazon_reviews_us_Books_v1_02.tsv.gz.1
  204  ls
  205  head amazon_reviews_us_Books_v1_02.tsv.gz 
  206  wget    https://s3.amazonaws.com/amazon-reviews-pds/tsv/amazon_reviews_us_Books_v1_02.tsv.gz
  207  head amazon_reviews_us_Books_v1_02.tsv.gz.1 
  208  rm amazon_reviews_us_Books_v1_02.tsv.gz.1
  209  head amazon_reviews_us_Books_v1_02.tsv.gz
  210  exit
  211  ls
  212  gunzip amazon_reviews_us_Books_v1_02.tsv.gz -d worksheet2
  213  ls
  214  cd worksheet2
  215  ls
  216  cd ..
  217  tar -zxvf amazon_reviews_us_Books_v1_02.tsv.gz -d worksheet2
  218  gzip amazon_reviews_us_Books_v1_02.tsv.gz -d worksheet2
  219  ls
  220  worksheet2
  221  head amazon_reviews_us_Books_v1_02.tsv 
  222  head -n 2 amazon_reviews_us_Books_v1_02.tsv 
  223  man grep
  224  grep -n verified amazon_reviews_us_Books_v1_02.tsv 
  225  head -n 2 amazon_reviews_us_Books_v1_02.tsv 
  226  ls
  227  wget    https://s3.amazonaws.com/amazon-reviews-pds/tsv/amazon_reviews_us_Books_v1_02.tsv.gz
  228  ls
  229  rm amazon_reviews_us_Books_v1_02.tsv
  230  ls
  231  gunzip amazon_reviews_us_Books_v1_02.tsv.gz 
  232  ls
  233  head -n 2 amazon_reviews_us_Books_v1_02.tsv 
  234  man grep 
  235  mkdir a1
  236  cd a1
  237  env
  238  echo $UID
  239  man UID
  240  man uid
  241  echo $GID
  242  gid
  243  whomai
  244  id -g
  245  man chmod
  246  id -u
  247  mkdir temp
  248  man chmod
  249  ls -latr
  250  lll
  251  ls -l
  252  chmod u-x temp
  253  ls -l
  254  cd temp
  255  ls temp
  256  ls -d temp
  257  ls -l temp
  258  mkfile ./temp
  259  cd ..
  260  mkfile ./worksheet1
  261  mkfile ./worksheet1/test.txt
  262  touch ./worksheet1/test.txt
  263  cd worksheet1
  264  ls
  265  rm -f test.txt
  266  ls
  267  cd ..
  268  cd worksheet2
  269  touch ./temp/tempfile.txt
  270  ls -l temp
  271  cd ..
  272  ls temp
  273  ls worksheet2
  274  ls -l worksheet2
  275  ls -latr worksheet2
  276  ls -lat worksheet2
  277  cd worksheet2
  278  ls -lat temp
  279  ls -l temp
  280  touch ./temp/tempfile.txt
  281  ls
  282  cd a1
  283  ls
  284  mkdir temp2
  285  mv temp2 temp3
  286  ls
  287  exit
  288  ls
  289  cd worksheet2
  290  ls
  291  cd ..
  292  head -n amazon_reviews_us_Books_v1_02.tsv 
  293  head -n 2 amazon_reviews_us_Books_v1_02.tsv 
  294  head -n 1 amazon_reviews_us_Books_v1_02.tsv 
  295  head -n 3 amazon_reviews_us_Books_v1_02.tsv 
  296  cat /etc/pwd
  297  cat /etc/passwd
  298  man awk
  299  head -n  amazon_reviews_us_Books_v1_02.tsv 
  300  head -n 2 amazon_reviews_us_Books_v1_02.tsv 
  301  awk -F "\t" '/\tY\t/'amazo_reviews_us_Books_v1_02.tsv
  302  ls
  303  awk -F "\t" '\tY\t' amazon_reviews_us_Books_v1_02.tsv 
  304  awk -F "\t" '/\tY\t/' amazon_reviews_us_Books_v1_02.tsv 
  305  awk -F "\t" '/\tY\t/' amazon_reviews_us_Books_v1_02.tsv  | uniq
  306  awk -F "\t" '/\tY\t/' amazon_reviews_us_Books_v1_02.tsv  | head -n 10
  307  awk -F "\t" '/\tY\t/ {print $10 $11 $12}' amazon_reviews_us_Books_v1_02.tsv  | head -n 10
  308  awk -F "\t" '/\tY\t/ {print $10 $11 $12}' amazon_reviews_us_Books_v1_02.tsv  | head -n 15
  309  awk -F "\t" '/\tY\t/ {print $10 $11 $12}' amazon_reviews_us_Books_v1_02.tsv  | head -n 30
  310  awk '/\tY\t/ {print $10 $11 $12}' amazon_reviews_us_Books_v1_02.tsv  | head -n 30
  311  awk -F "\t" '/\tY\t/ {print $10 $11 $12}' amazon_reviews_us_Books_v1_02.tsv  | head -n 30
  312  awk -F "\t" '/\tY\t/ {print}' amazon_reviews_us_Books_v1_02.tsv  | head -n 5
  313  awk -F "\t" '/\tN\t/ {print}' amazon_reviews_us_Books_v1_02.tsv  | head -n 5
  314  awk -F "\t" '/\tN\t/ {print $10 $11 $12}' amazon_reviews_us_Books_v1_02.tsv  | head -n 30
  315  man awk
  316  head -n 2 amazon_reviews_us_Books_v1_02.tsv 
  317  awk -F "\t" '$12="Y" {print $10 $11 $12}' amazon_reviews_us_Books_v1_02.tsv  | head -n 30
  318  awk -F "\t" '$12="N" {print $10 $11 $12}' amazon_reviews_us_Books_v1_02.tsv  | head -n 30
  319  awk -F "\t" '$12="Y" {print $10 $11 $12}' amazon_reviews_us_Books_v1_02.tsv  | head -n 40
  320  awk -F "\t" '$11="Y" {print $10 $11 $12}' amazon_reviews_us_Books_v1_02.tsv  | head -n 40
  321  awk -F "\t" '$12="Y" {print $10 $11 $12}' amazon_reviews_us_Books_v1_02.tsv  | head -n 40
  322  awk -F "\t" '$12="N" {print $10 $11 $12}' amazon_reviews_us_Books_v1_02.tsv  | head -n 40
  323  awk -F "\t" '$12="Y" {print $10 $11 $12}' amazon_reviews_us_Books_v1_02.tsv  | wc
  324  awk -F "\t" '$12="N" {print $10 $11 $12}' amazon_reviews_us_Books_v1_02.tsv  | wc
  325  wc amazon_reviews_us_Books_v1_02.tsv 
  326  awk -F "\t" '$12="N"' amazon_reviews_us_Books_v1_02.tsv  | wc
  327  awk -F "\t" '$12="N"' amazon_reviews_us_Books_v1_02.tsv | head -n 30
  328  awk -F "\t" '$12="N"' amazon_reviews_us_Books_v1_02.tsv | wc
  329  exit
  330  awk -F "\t" '$12="Y"' amazon_reviews_us_Books_v1_02.tsv | wc
  331  awk -F "\t" '$12="Y" {print}' amazon_reviews_us_Books_v1_02.tsv | wc
  332  wc amazon_reviews_us_Books_v1_02.tsv 
  333  man grep
  334  egrep -P "\t" '$12="Y" {print}' amazon_reviews_us_Books_v1_02.tsv | head -n 10
  335  egrep -P "\t" '$12="Y"' amazon_reviews_us_Books_v1_02.tsv | head -n 10
  336  egrep -P '$12="Y"' amazon_reviews_us_Books_v1_02.tsv | head -n 10
  337  awk -F "\t" '$12="Y" {print}' amazon_reviews_us_Books_v1_02.tsv | less -n 20
  338  awk -F "\t" '$12="Y" {print}' amazon_reviews_us_Books_v1_02.tsv | less -N 20
  339  awk -F "\t" '$12="Y" {print}' amazon_reviews_us_Books_v1_02.tsv | less -20
  340  awk -F "\t" '$12="Y" {print $11 $12}' amazon_reviews_us_Books_v1_02.tsv | less -20
  341  awk -F "\t" '$12=Y {print $11 $12}' amazon_reviews_us_Books_v1_02.tsv | wc
  342  awk -F "\t" '$12=Y {print $11 $12}' amazon_reviews_us_Books_v1_02.tsv | head -n 20
  343  awk -F "\t" '$12="Y" {print $11 $12}' amazon_reviews_us_Books_v1_02.tsv | head -n 20
  344  exit
  345  awk -F "\t" '$12="Y" {print $11 $12}' amazon_reviews_us_Books_v1_02.tsv | head -n 20
  346  awk -F "\t" '$12=Y {print $11 $12}' amazon_reviews_us_Books_v1_02.tsv | head -n 20
  347  awk -F "\t" '$12="Y" {print $11 $12}' amazon_reviews_us_Books_v1_02.tsv | head -n 20
  348  awk -F "\t" '$12="N" {print $11 $12}' amazon_reviews_us_Books_v1_02.tsv | head -n 20
  349  awk -F "\t" '$12="N" {print $11 $12}' amazon_reviews_us_Books_v1_02.tsv | wc
  350  exit 
  351  ls
  352  rm -f amazon_reviews_us_Books_v1_02.tsv 
  353  wget    https://s3.amazonaws.com/amazon-reviews-pds/tsv/amazon_reviews_us_Books_v1_02.tsv.gz
  354  gunzip amazon_reviews_us_Books_v1_02.tsv.gz 
  355  ls
  356  awk -F "\t" '$12="Y"' amazon_reviews_us_Books_v1_02.tsv 
  357  awk -F "\t" '$12="N"' amazon_reviews_us_Books_v1_02.tsv 
  358  awk -F "\t" '$12="Y"' amazon_reviews_us_Books_v1_02.tsv | wc
  359  awk -F "\t" '$12="N"' amazon_reviews_us_Books_v1_02.tsv | wc
  360  awk -F "\t" '$12="Y"' amazon_reviews_us_Books_v1_02.tsv | wc > counts.txt
  361  ls
  362  awk -F "\t" '$12="F"' amazon_reviews_us_Books_v1_02.tsv | wc >> counts.txt
  363  mv counts.txt worksheet2
  364  ls
  365  cd worksheet2
  366  ls
  367  vi counts.txt
  368  history > cmds.log
